System Report - Tue Mar 10 06:38:03 UTC 2026
CPU and Memory Usage
top - 06:38:03 up  2:36,  1 user,  load average: 0.08, 0.49, 0.34
Tasks:  69 total,   1 running,  68 sleeping,   0 stopped,   0 zombie
%Cpu(s):  0.0 us,  0.5 sy,  0.0 ni, 99.5 id,  0.0 wa,  0.0 hi,  0.0 si,  0.0 st 
MiB Mem :   7778.4 total,   6237.1 free,    924.4 used,    889.8 buff/cache     
MiB Swap:   2048.0 total,   2048.0 free,      0.0 used.   6854.0 avail Mem 

    PID USER      PR  NI    VIRT    RES    SHR S  %CPU  %MEM     TIME+ COMMAND
      1 root      20   0   22312  13692   9688 S   0.0   0.2   0:03.11 systemd
      2 root      20   0    2616   1440   1320 S   0.0   0.0   0:00.00 init-sy+
      7 root      20   0    2616    132    132 S   0.0   0.0   0:00.00 init
Disk Usage
Filesystem      Size  Used Avail Use% Mounted on
none            3.8G     0  3.8G   0% /usr/lib/modules/5.15.167.4-microsoft-standard-WSL2
none            3.8G  4.0K  3.8G   1% /mnt/wsl
drivers         238G  224G   14G  95% /usr/lib/wsl/drivers
/dev/sdc       1007G  6.5G  950G   1% /
none            3.8G   92K  3.8G   1% /mnt/wslg
none            3.8G     0  3.8G   0% /usr/lib/wsl/lib
rootfs          3.8G  2.2M  3.8G   1% /init
none            3.8G  876K  3.8G   1% /run
none            3.8G     0  3.8G   0% /run/lock
none            3.8G  172K  3.8G   1% /run/shm
tmpfs           4.0M     0  4.0M   0% /sys/fs/cgroup
none            3.8G   76K  3.8G   1% /mnt/wslg/versions.txt
none            3.8G   76K  3.8G   1% /mnt/wslg/doc
C:\             238G  224G   14G  95% /mnt/c
D:\             932G   81G  852G   9% /mnt/d
snapfuse        105M  105M     0 100% /snap/lxd/31214
snapfuse         74M   74M     0 100% /snap/core22/1748
snapfuse         74M   74M     0 100% /snap/core22/1963
snapfuse        115M  115M     0 100% /snap/lxd/33110
snapfuse         51M   51M     0 100% /snap/snapd/24505
tmpfs           778M   16K  778M   1% /run/user/1000
snapfuse         49M   49M     0 100% /snap/snapd/25935
Directory Usage
44K	/home/Sarah
44K	/home/mike
465M	/home/sahbu
Top Processes
USER         PID %CPU %MEM    VSZ   RSS TTY      STAT START   TIME COMMAND
root         884  0.0  0.7 3326860 56040 ?       Ssl  04:07   0:01 /usr/lib/snapd/snapd
root         241  0.4  0.6 537408 54896 ?        Ssl  04:06   0:36 /opt/cisco/anyconnect/bin/vpnagentd -execv_instance
root        4389  0.0  0.5  99820 41036 ?        S<s  04:10   0:02 /usr/lib/systemd/systemd-journald
root         869  0.0  0.2 676284 23244 ?        Ssl  04:07   0:02 snapfuse /var/lib/snapd/snaps/snapd_25935.snap /snap/snapd/25935 -o ro,nodev,allow_other,suid
--------------------------------------
System Report - Tue Mar 10 06:38:14 UTC 2026
CPU and Memory Usage
top - 06:38:14 up  2:36,  1 user,  load average: 0.07, 0.47, 0.34
Tasks:  62 total,   1 running,  61 sleeping,   0 stopped,   0 zombie
%Cpu(s):  0.5 us,  0.0 sy,  0.0 ni, 99.5 id,  0.0 wa,  0.0 hi,  0.0 si,  0.0 st 
MiB Mem :   7778.4 total,   6250.7 free,    910.8 used,    889.8 buff/cache     
MiB Swap:   2048.0 total,   2048.0 free,      0.0 used.   6867.6 avail Mem 

    PID USER      PR  NI    VIRT    RES    SHR S  %CPU  %MEM     TIME+ COMMAND
      1 root      20   0   22312  13692   9688 S   0.0   0.2   0:03.12 systemd
      2 root      20   0    2616   1440   1320 S   0.0   0.0   0:00.00 init-sy+
      7 root      20   0    2616    132    132 S   0.0   0.0   0:00.00 init
Disk Usage
Filesystem      Size  Used Avail Use% Mounted on
none            3.8G     0  3.8G   0% /usr/lib/modules/5.15.167.4-microsoft-standard-WSL2
none            3.8G  4.0K  3.8G   1% /mnt/wsl
drivers         238G  224G   14G  95% /usr/lib/wsl/drivers
/dev/sdc       1007G  6.5G  950G   1% /
none            3.8G   92K  3.8G   1% /mnt/wslg
none            3.8G     0  3.8G   0% /usr/lib/wsl/lib
rootfs          3.8G  2.2M  3.8G   1% /init
none            3.8G  876K  3.8G   1% /run
none            3.8G     0  3.8G   0% /run/lock
none            3.8G  172K  3.8G   1% /run/shm
tmpfs           4.0M     0  4.0M   0% /sys/fs/cgroup
none            3.8G   76K  3.8G   1% /mnt/wslg/versions.txt
none            3.8G   76K  3.8G   1% /mnt/wslg/doc
C:\             238G  224G   14G  95% /mnt/c
D:\             932G   81G  852G   9% /mnt/d
snapfuse        105M  105M     0 100% /snap/lxd/31214
snapfuse         74M   74M     0 100% /snap/core22/1748
snapfuse         74M   74M     0 100% /snap/core22/1963
snapfuse        115M  115M     0 100% /snap/lxd/33110
snapfuse         51M   51M     0 100% /snap/snapd/24505
tmpfs           778M   16K  778M   1% /run/user/1000
snapfuse         49M   49M     0 100% /snap/snapd/25935
Directory Usage
44K	/home/Sarah
44K	/home/mike
465M	/home/sahbu
Top Processes
USER         PID %CPU %MEM    VSZ   RSS TTY      STAT START   TIME COMMAND
root         884  0.0  0.7 3326860 56040 ?       Ssl  04:07   0:01 /usr/lib/snapd/snapd
root         241  0.4  0.6 537408 54896 ?        Ssl  04:06   0:36 /opt/cisco/anyconnect/bin/vpnagentd -execv_instance
root        4389  0.0  0.5  99820 41056 ?        S<s  04:10   0:02 /usr/lib/systemd/systemd-journald
root         869  0.0  0.2 676284 23244 ?        Ssl  04:07   0:02 snapfuse /var/lib/snapd/snaps/snapd_25935.snap /snap/snapd/25935 -o ro,nodev,allow_other,suid
--------------------------------------
System Report - Tue Mar 10 06:50:00 UTC 2026
CPU and Memory Usage
top - 06:50:00 up  2:47,  1 user,  load average: 0.14, 0.12, 0.17
Tasks:  61 total,   1 running,  60 sleeping,   0 stopped,   0 zombie
%Cpu(s):  0.0 us,  0.5 sy,  0.0 ni, 99.5 id,  0.0 wa,  0.0 hi,  0.0 si,  0.0 st 
MiB Mem :   7778.4 total,   6256.1 free,    903.4 used,    891.8 buff/cache     
MiB Swap:   2048.0 total,   2048.0 free,      0.0 used.   6875.0 avail Mem 

    PID USER      PR  NI    VIRT    RES    SHR S  %CPU  %MEM     TIME+ COMMAND
      1 root      20   0   22312  13692   9688 S   0.0   0.2   0:03.16 systemd
      2 root      20   0    2616   1440   1320 S   0.0   0.0   0:00.00 init-sy+
      7 root      20   0    2616    132    132 S   0.0   0.0   0:00.00 init
Disk Usage
Filesystem      Size  Used Avail Use% Mounted on
none            3.8G     0  3.8G   0% /usr/lib/modules/5.15.167.4-microsoft-standard-WSL2
none            3.8G  4.0K  3.8G   1% /mnt/wsl
drivers         238G  224G   14G  95% /usr/lib/wsl/drivers
/dev/sdc       1007G  6.5G  950G   1% /
none            3.8G   96K  3.8G   1% /mnt/wslg
none            3.8G     0  3.8G   0% /usr/lib/wsl/lib
rootfs          3.8G  2.2M  3.8G   1% /init
none            3.8G  872K  3.8G   1% /run
none            3.8G     0  3.8G   0% /run/lock
none            3.8G  172K  3.8G   1% /run/shm
tmpfs           4.0M     0  4.0M   0% /sys/fs/cgroup
none            3.8G   76K  3.8G   1% /mnt/wslg/versions.txt
none            3.8G   76K  3.8G   1% /mnt/wslg/doc
C:\             238G  224G   14G  95% /mnt/c
D:\             932G   81G  852G   9% /mnt/d
snapfuse        105M  105M     0 100% /snap/lxd/31214
snapfuse         74M   74M     0 100% /snap/core22/1748
snapfuse         74M   74M     0 100% /snap/core22/1963
snapfuse        115M  115M     0 100% /snap/lxd/33110
snapfuse         51M   51M     0 100% /snap/snapd/24505
tmpfs           778M   16K  778M   1% /run/user/1000
snapfuse         49M   49M     0 100% /snap/snapd/25935
Directory Usage
44K	/home/Sarah
44K	/home/mike
465M	/home/sahbu
Top Processes
USER         PID %CPU %MEM    VSZ   RSS TTY      STAT START   TIME COMMAND
root         241  0.4  0.7 537408 56216 ?        Ssl  04:07   0:39 /opt/cisco/anyconnect/bin/vpnagentd -execv_instance
root         884  0.0  0.7 3326860 56040 ?       Ssl  04:07   0:01 /usr/lib/snapd/snapd
root        4389  0.0  0.5  99820 41748 ?        S<s  04:11   0:02 /usr/lib/systemd/systemd-journald
root         869  0.0  0.2 676284 23244 ?        Ssl  04:07   0:02 snapfuse /var/lib/snapd/snaps/snapd_25935.snap /snap/snapd/25935 -o ro,nodev,allow_other,suid
--------------------------------------
System Report - Tue Mar 10 06:54:36 UTC 2026
CPU and Memory Usage
top - 06:54:37 up  2:52,  1 user,  load average: 0.00, 0.04, 0.12
Tasks:  61 total,   1 running,  60 sleeping,   0 stopped,   0 zombie
%Cpu(s):  0.5 us,  0.0 sy,  0.0 ni, 99.5 id,  0.0 wa,  0.0 hi,  0.0 si,  0.0 st 
MiB Mem :   7778.4 total,   6240.1 free,    918.5 used,    892.7 buff/cache     
MiB Swap:   2048.0 total,   2048.0 free,      0.0 used.   6859.8 avail Mem 

    PID USER      PR  NI    VIRT    RES    SHR S  %CPU  %MEM     TIME+ COMMAND
      1 root      20   0   22312  13692   9688 S   0.0   0.2   0:03.18 systemd
      2 root      20   0    2616   1440   1320 S   0.0   0.0   0:00.00 init-sy+
      7 root      20   0    2616    132    132 S   0.0   0.0   0:00.00 init
Disk Usage
Filesystem      Size  Used Avail Use% Mounted on
none            3.8G     0  3.8G   0% /usr/lib/modules/5.15.167.4-microsoft-standard-WSL2
none            3.8G  4.0K  3.8G   1% /mnt/wsl
drivers         238G  224G   14G  95% /usr/lib/wsl/drivers
/dev/sdc       1007G  6.5G  950G   1% /
none            3.8G  100K  3.8G   1% /mnt/wslg
none            3.8G     0  3.8G   0% /usr/lib/wsl/lib
rootfs          3.8G  2.2M  3.8G   1% /init
none            3.8G  872K  3.8G   1% /run
none            3.8G     0  3.8G   0% /run/lock
none            3.8G  172K  3.8G   1% /run/shm
tmpfs           4.0M     0  4.0M   0% /sys/fs/cgroup
none            3.8G   76K  3.8G   1% /mnt/wslg/versions.txt
none            3.8G   76K  3.8G   1% /mnt/wslg/doc
C:\             238G  224G   14G  95% /mnt/c
D:\             932G   81G  852G   9% /mnt/d
snapfuse        105M  105M     0 100% /snap/lxd/31214
snapfuse         74M   74M     0 100% /snap/core22/1748
snapfuse         74M   74M     0 100% /snap/core22/1963
snapfuse        115M  115M     0 100% /snap/lxd/33110
snapfuse         51M   51M     0 100% /snap/snapd/24505
tmpfs           778M   16K  778M   1% /run/user/1000
snapfuse         49M   49M     0 100% /snap/snapd/25935
Directory Usage
44K	/home/Sarah
44K	/home/mike
465M	/home/sahbu
Top Processes
USER         PID %CPU %MEM    VSZ   RSS TTY      STAT START   TIME COMMAND
root         241  0.4  0.7 537408 56480 ?        Ssl  04:07   0:40 /opt/cisco/anyconnect/bin/vpnagentd -execv_instance
root         884  0.0  0.7 3326860 56040 ?       Ssl  04:08   0:01 /usr/lib/snapd/snapd
root        4389  0.0  0.5  99820 42020 ?        S<s  04:11   0:02 /usr/lib/systemd/systemd-journald
root         869  0.0  0.2 676284 23244 ?        Ssl  04:08   0:02 snapfuse /var/lib/snapd/snaps/snapd_25935.snap /snap/snapd/25935 -o ro,nodev,allow_other,suid
--------------------------------------
